{
  "id": 1243417736,
  "node_id": "R_kgDOSh0MiA",
  "name": "navescript",
  "full_name": "nave433-blip/navescript",
  "private": false,
  "owner": {
    "login": "nave433-blip",
    "id": 252547767,
    "node_id": "U_kgDODw2Stw",
    "avatar_url": "https://avatars.githubusercontent.com/u/252547767?v=4",
    "gravatar_id": "",
    "url": "https://api.github.com/users/nave433-blip",
    "html_url": "https://github.com/nave433-blip",
    "followers_url": "https://api.github.com/users/nave433-blip/followers",
    "following_url": "https://api.github.com/users/nave433-blip/following{/other_user}",
    "gists_url": "https://api.github.com/users/nave433-blip/gists{/gist_id}",
    "starred_url": "https://api.github.com/users/nave433-blip/starred{/owner}{/repo}",
    "subscriptions_url": "https://api.github.com/users/nave433-blip/subscriptions",
    "organizations_url": "https://api.github.com/users/nave433-blip/orgs",
    "repos_url": "https://api.github.com/users/nave433-blip/repos",
    "events_url": "https://api.github.com/users/nave433-blip/events{/privacy}",
    "received_events_url": "https://api.github.com/users/nave433-blip/received_events",
    "type": "User",
    "user_view_type": "public",
    "site_admin": false
  },
  "html_url": "https://github.com/nave433-blip/navescript",
  "description": "Nλvescript: The Universal Polyglot Language. Translates, executes, and verifies code across 5+ languages with WASI 0.2 & Component Model.",
  "fork": false,
  "url": "https://api.github.com/repos/nave433-blip/navescript",
  "forks_url": "https://api.github.com/repos/nave433-blip/navescript/forks",
  "keys_url": "https://api.github.com/repos/nave433-blip/navescript/keys{/key_id}",
  "collaborators_url": "https://api.github.com/repos/nave433-blip/navescript/collaborators{/collaborator}",
  "teams_url": "https://api.github.com/repos/nave433-blip/navescript/teams",
  "hooks_url": "https://api.github.com/repos/nave433-blip/navescript/hooks",
  "issue_events_url": "https://api.github.com/repos/nave433-blip/navescript/issues/events{/number}",
  "events_url": "https://api.github.com/repos/nave433-blip/navescript/events",
  "assignees_url": "https://api.github.com/repos/nave433-blip/navescript/assignees{/user}",
  "branches_url": "https://api.github.com/repos/nave433-blip/navescript/branches{/branch}",
  "tags_url": "https://api.github.com/repos/nave433-blip/navescript/tags",
  "blobs_url": "https://api.github.com/repos/nave433-blip/navescript/git/blobs{/sha}",
  "git_tags_url": "https://api.github.com/repos/nave433-blip/navescript/git/tags{/sha}",
  "git_refs_url": "https://api.github.com/repos/nave433-blip/navescript/git/refs{/sha}",
  "trees_url": "https://api.github.com/repos/nave433-blip/navescript/git/trees{/sha}",
  "statuses_url": "https://api.github.com/repos/nave433-blip/navescript/statuses/{sha}",
  "languages_url": "https://api.github.com/repos/nave433-blip/navescript/languages",
  "stargazers_url": "https://api.github.com/repos/nave433-blip/navescript/stargazers",
  "contributors_url": "https://api.github.com/repos/nave433-blip/navescript/contributors",
  "subscribers_url": "https://api.github.com/repos/nave433-blip/navescript/subscribers",
  "subscription_url": "https://api.github.com/repos/nave433-blip/navescript/subscription",
  "commits_url": "https://api.github.com/repos/nave433-blip/navescript/commits{/sha}",
  "git_commits_url": "https://api.github.com/repos/nave433-blip/navescript/git/commits{/sha}",
  "comments_url": "https://api.github.com/repos/nave433-blip/navescript/comments{/number}",
  "issue_comment_url": "https://api.github.com/repos/nave433-blip/navescript/issues/comments{/number}",
  "contents_url": "https://api.github.com/repos/nave433-blip/navescript/contents/{+path}",
  "compare_url": "https://api.github.com/repos/nave433-blip/navescript/compare/{base}...{head}",
  "merges_url": "https://api.github.com/repos/nave433-blip/navescript/merges",
  "archive_url": "https://api.github.com/repos/nave433-blip/navescript/{archive_format}{/ref}",
  "downloads_url": "https://api.github.com/repos/nave433-blip/navescript/downloads",
  "issues_url": "https://api.github.com/repos/nave433-blip/navescript/issues{/number}",
  "pulls_url": "https://api.github.com/repos/nave433-blip/navescript/pulls{/number}",
  "milestones_url": "https://api.github.com/repos/nave433-blip/navescript/milestones{/number}",
  "notifications_url": "https://api.github.com/repos/nave433-blip/navescript/notifications{?since,all,participating}",
  "labels_url": "https://api.github.com/repos/nave433-blip/navescript/labels{/name}",
  "releases_url": "https://api.github.com/repos/nave433-blip/navescript/releases{/id}",
  "deployments_url": "https://api.github.com/repos/nave433-blip/navescript/deployments",
  "created_at": "2026-05-19T10:19:17Z",
  "updated_at": "2026-05-19T17:43:15Z",
  "pushed_at": "2026-05-19T17:43:11Z",
  "git_url": "git://github.com/nave433-blip/navescript.git",
  "ssh_url": "git@github.com:nave433-blip/navescript.git",
  "clone_url": "https://github.com/nave433-blip/navescript.git",
  "svn_url": "https://github.com/nave433-blip/navescript",
  "homepage": null,
  "size": 68,
  "stargazers_count": 0,
  "watchers_count": 0,
  "language": "Rust",
  "has_issues": true,
  "has_projects": true,
  "has_downloads": true,
  "has_wiki": true,
  "has_pages": false,
  "has_discussions": false,
  "forks_count": 0,
  "mirror_url": null,
  "archived": false,
  "disabled": false,
  "open_issues_count": 0,
  "license": null,
  "allow_forking": true,
  "is_template": false,
  "web_commit_signoff_required": false,
  "has_pull_requests": true,
  "pull_request_creation_policy": "all",
  "topics": [

  ],
  "visibility": "public",
  "forks": 0,
  "open_issues": 0,
  "watchers": 0,
  "default_branch": "master",
  "temp_clone_token": null,
  "network_count": 0,
  "subscribers_count": 0
}
